<?xml version="1.0" encoding="UTF-8"?>
<!-- Generated by org.testng.reporters.JUnitReportReporter -->
<testsuite hostname="LAPTOP-BBN9GDG1" failures="0" tests="5" name="BaseTest" time="2.687" errors="0" timestamp="2022-06-15T01:28:42 TRT" skipped="0">
  <testcase classname="BaseTest" name="setGet" time="1.641"/>
  <system-out/>
  <testcase classname="BaseTest" name="setPost" time="0.265"/>
  <system-out/>
  <testcase classname="BaseTest" name="setPut" time="0.268"/>
  <system-out/>
  <testcase classname="BaseTest" name="setPatch" time="0.242"/>
  <system-out/>
  <testcase classname="BaseTest" name="setDelete" time="0.271"/>
  <system-out/>
</testsuite> <!-- BaseTest -->
