<?xml version="1.0" encoding="UTF-8"?>
<!-- Generated by org.testng.reporters.JUnitReportReporter -->
<testsuite hostname="LAPTOP-BBN9GDG1" failures="0" tests="2" name="GET.GET_1Test" time="0.382" errors="0" timestamp="2022-06-15T01:28:42 TRT" skipped="0">
  <testcase classname="GET.GET_1Test" name="get_2Test" time="0.179"/>
  <system-out/>
  <testcase classname="GET.GET_1Test" name="get_1Test" time="0.203"/>
  <system-out/>
</testsuite> <!-- GET.GET_1Test -->
